<?xml version="1.0" encoding="UTF-8"?>
<testsuite xmlns:xsi="http://www.w3.org/2001/XMLSchema-instance" xsi:noNamespaceSchemaLocation="https://maven.apache.org/surefire/maven-surefire-plugin/xsd/surefire-test-report-3.0.xsd" version="3.0" name="piesarentsquare.rest.LibertyServerTest" time="12.852" tests="1" errors="0" skipped="0" failures="0">
  <properties>
[...]
</properties>
  <testcase name="testStartAndStopLiberty" classname="piesarentsquare.rest.LibertyServerTest" time="12.807">
    <system-out><![CDATA[Maven command 'liberty:start' executed successfully.
Liberty server started successfully.
Maven command 'liberty:stop' executed successfully.
Liberty server stopped successfully.
]]></system-out>
  </testcase>
</testsuite>